[debug] [2020-12-31T18:41:48.423Z] ----------------------------------------------------------------------
[debug] [2020-12-31T18:41:48.425Z] Command:       /usr/local/bin/node /usr/local/bin/firebase functions:shell
[debug] [2020-12-31T18:41:48.425Z] CLI Version:   9.1.0
[debug] [2020-12-31T18:41:48.425Z] Platform:      darwin
[debug] [2020-12-31T18:41:48.425Z] Node Version:  v12.18.3
[debug] [2020-12-31T18:41:48.426Z] Time:          Thu Dec 31 2020 13:41:48 GMT-0500 (Eastern Standard Time)
[debug] [2020-12-31T18:41:48.426Z] ----------------------------------------------------------------------
[debug] [2020-12-31T18:41:48.426Z] 
[debug] [2020-12-31T18:41:48.428Z] >>> [apiv2][query] GET https://firebase-public.firebaseio.com/cli.json [none]
[debug] [2020-12-31T18:41:48.447Z] > command requires scopes: ["email","openid","https://www.googleapis.com/auth/cloudplatformprojects.readonly","https://www.googleapis.com/auth/firebase","https://www.googleapis.com/auth/cloud-platform"]
[debug] [2020-12-31T18:41:48.448Z] > authorizing via signed-in user
[debug] [2020-12-31T18:41:48.448Z] [iam] checking project youraveragefunko-vols8994 for permissions ["firebase.projects.get"]
[debug] [2020-12-31T18:41:48.449Z] > refreshing access token with scopes: ["email","https://www.googleapis.com/auth/cloud-platform","https://www.googleapis.com/auth/cloudplatformprojects.readonly","https://www.googleapis.com/auth/firebase","openid"]
[debug] [2020-12-31T18:41:48.449Z] >>> HTTP REQUEST POST https://www.googleapis.com/oauth2/v3/token  
 <request body omitted>
[debug] [2020-12-31T18:41:48.594Z] <<< HTTP RESPONSE 200 {"cache-control":"no-cache, no-store, max-age=0, must-revalidate","pragma":"no-cache","expires":"Mon, 01 Jan 1990 00:00:00 GMT","date":"Thu, 31 Dec 2020 18:41:50 GMT","content-type":"application/json; charset=utf-8","vary":"X-Origin, Referer, Origin,Accept-Encoding","server":"scaffolding on HTTPServer2","x-xss-protection":"0","x-frame-options":"SAMEORIGIN","x-content-type-options":"nosniff","alt-svc":"h3-29=\":443\"; ma=2592000,h3-T051=\":443\"; ma=2592000,h3-Q050=\":443\"; ma=2592000,h3-Q046=\":443\"; ma=2592000,h3-Q043=\":443\"; ma=2592000,quic=\":443\"; ma=2592000; v=\"46,43\"","accept-ranges":"none","transfer-encoding":"chunked"}
[debug] [2020-12-31T18:41:48.622Z] >>> HTTP REQUEST POST https://cloudresourcemanager.googleapis.com/v1/projects/youraveragefunko-vols8994:testIamPermissions  
 {"permissions":["firebase.projects.get"]}
[debug] [2020-12-31T18:41:48.675Z] <<< [apiv2][status] GET https://firebase-public.firebaseio.com/cli.json 200
[debug] [2020-12-31T18:41:48.675Z] <<< [apiv2][body] GET https://firebase-public.firebaseio.com/cli.json {"cloudBuildErrorAfter":1594252800000,"cloudBuildWarnAfter":1590019200000,"defaultNode10After":1594252800000,"minVersion":"3.0.5","node8DeploysDisabledAfter":1613390400000,"node8RuntimeDisabledAfter":1615809600000,"node8WarnAfter":1600128000000}
[debug] [2020-12-31T18:41:48.888Z] <<< HTTP RESPONSE 200 {"content-type":"application/json; charset=UTF-8","vary":"X-Origin, Referer, Origin,Accept-Encoding","date":"Thu, 31 Dec 2020 18:41:51 GMT","server":"ESF","cache-control":"private","x-xss-protection":"0","x-frame-options":"SAMEORIGIN","x-content-type-options":"nosniff","server-timing":"gfet4t7; dur=138","alt-svc":"h3-29=\":443\"; ma=2592000,h3-T051=\":443\"; ma=2592000,h3-Q050=\":443\"; ma=2592000,h3-Q046=\":443\"; ma=2592000,h3-Q043=\":443\"; ma=2592000,quic=\":443\"; ma=2592000; v=\"46,43\"","accept-ranges":"none","transfer-encoding":"chunked"}
[debug] [2020-12-31T18:41:48.899Z] [functions] Using node@12 from host.
[debug] [2020-12-31T18:41:48.903Z] defaultcredentials: writing to file /Users/matt/.config/firebase/mvolonnino12_gmail_com_application_default_credentials.json
[debug] [2020-12-31T18:41:48.906Z] DEBUG: Setting GAC to /Users/matt/.config/firebase/mvolonnino12_gmail_com_application_default_credentials.json
[debug] [2020-12-31T18:41:48.913Z] [functions] Watching "/Users/matt/Desktop/mydev/your-average-funko/functions" for Cloud Functions...
[debug] [2020-12-31T18:41:48.923Z] DEBUG: [worker-pool] addWorker(~diagnostic~)
[debug] [2020-12-31T18:41:48.923Z] DEBUG: [worker-pool] Adding worker with key ~diagnostic~, total=1
[debug] [2020-12-31T18:41:48.924Z] DEBUG: [worker-pool] submitWork(triggerId=)
[debug] [2020-12-31T18:41:48.924Z] DEBUG: [worker-~diagnostic~-2fae3630-7cd4-4fb8-8737-a05c9014ca6a]: Assigning socketPath: /var/folders/lw/jcwd2nn512b1pwq3vlpf5st40000gn/T/fire_emu_37316.sock
[debug] [2020-12-31T18:41:48.924Z] DEBUG: [worker-~diagnostic~-2fae3630-7cd4-4fb8-8737-a05c9014ca6a]: BUSY
[debug] [2020-12-31T18:41:49.056Z] DEBUG: [runtime-status] [37316] Functions runtime initialized. {"cwd":"/Users/matt/Desktop/mydev/your-average-funko/functions","node_version":"12.18.3"}
[debug] [2020-12-31T18:41:49.057Z] DEBUG: [runtime-status] [37316] Disabled runtime features: undefined
[debug] [2020-12-31T18:41:49.061Z] DEBUG: [runtime-status] [37316] Resolved module firebase-admin {"declared":true,"installed":true,"version":"9.4.2","resolution":"/Users/matt/Desktop/mydev/your-average-funko/functions/node_modules/firebase-admin/lib/index.js"}
[debug] [2020-12-31T18:41:49.064Z] DEBUG: [runtime-status] [37316] Resolved module firebase-functions {"declared":true,"installed":true,"version":"3.13.0","resolution":"/Users/matt/Desktop/mydev/your-average-funko/functions/node_modules/firebase-functions/lib/index.js"}
[debug] [2020-12-31T18:41:49.065Z] DEBUG: [runtime-status] [37316] Resolved module firebase-functions {"declared":true,"installed":true,"version":"3.13.0","resolution":"/Users/matt/Desktop/mydev/your-average-funko/functions/node_modules/firebase-functions/lib/index.js"}
[debug] [2020-12-31T18:41:49.066Z] DEBUG: [runtime-status] [37316] Outgoing network have been stubbed. [{"name":"http","status":"mocked"},{"name":"http","status":"mocked"},{"name":"https","status":"mocked"},{"name":"https","status":"mocked"},{"name":"net","status":"mocked"}]
[debug] [2020-12-31T18:41:49.067Z] DEBUG: [runtime-status] [37316] Resolved module firebase-functions {"declared":true,"installed":true,"version":"3.13.0","resolution":"/Users/matt/Desktop/mydev/your-average-funko/functions/node_modules/firebase-functions/lib/index.js"}
[debug] [2020-12-31T18:41:49.133Z] DEBUG: [runtime-status] [37316] Checked functions.config() {"config":{}}
[debug] [2020-12-31T18:41:49.134Z] DEBUG: [runtime-status] [37316] firebase-functions has been stubbed. {"functionsResolution":{"declared":true,"installed":true,"version":"3.13.0","resolution":"/Users/matt/Desktop/mydev/your-average-funko/functions/node_modules/firebase-functions/lib/index.js"}}
[debug] [2020-12-31T18:41:49.134Z] DEBUG: [runtime-status] [37316] Resolved module firebase-functions {"declared":true,"installed":true,"version":"3.13.0","resolution":"/Users/matt/Desktop/mydev/your-average-funko/functions/node_modules/firebase-functions/lib/index.js"}
[debug] [2020-12-31T18:41:49.135Z] DEBUG: [runtime-status] [37316] Resolved module firebase-admin {"declared":true,"installed":true,"version":"9.4.2","resolution":"/Users/matt/Desktop/mydev/your-average-funko/functions/node_modules/firebase-admin/lib/index.js"}
[debug] [2020-12-31T18:41:49.135Z] DEBUG: [runtime-status] [37316] Resolved module firebase-functions {"declared":true,"installed":true,"version":"3.13.0","resolution":"/Users/matt/Desktop/mydev/your-average-funko/functions/node_modules/firebase-functions/lib/index.js"}
[debug] [2020-12-31T18:41:49.135Z] DEBUG: [runtime-status] [37316] firebase-admin has been stubbed. {"adminResolution":{"declared":true,"installed":true,"version":"9.4.2","resolution":"/Users/matt/Desktop/mydev/your-average-funko/functions/node_modules/firebase-admin/lib/index.js"}}
[warn] ⚠  Error: Cannot find module 'puppeteer'
Require stack:
- /Users/matt/Desktop/mydev/your-average-funko/functions/server.js
- /usr/local/lib/node_modules/firebase-tools/lib/emulator/functionsEmulatorRuntime.js
    at Function.Module._resolveFilename (internal/modules/cjs/loader.js:965:15)
    at Function.Module._load (internal/modules/cjs/loader.js:841:27)
    at Module.require (internal/modules/cjs/loader.js:1025:19)
    at require (internal/modules/cjs/helpers.js:72:18)
    at Object.<anonymous> (/Users/matt/Desktop/mydev/your-average-funko/functions/server.js:8:19)
    at Module._compile (internal/modules/cjs/loader.js:1137:30)
    at Object.Module._extensions..js (internal/modules/cjs/loader.js:1157:10)
    at Module.load (internal/modules/cjs/loader.js:985:32)
    at Function.Module._load (internal/modules/cjs/loader.js:878:14)
    at Module.require (internal/modules/cjs/loader.js:1025:19) {"metadata":{"emulator":{"name":"functions"},"message":"Error: Cannot find module 'puppeteer'\nRequire stack:\n- /Users/matt/Desktop/mydev/your-average-funko/functions/server.js\n- /usr/local/lib/node_modules/firebase-tools/lib/emulator/functionsEmulatorRuntime.js\n    at Function.Module._resolveFilename (internal/modules/cjs/loader.js:965:15)\n    at Function.Module._load (internal/modules/cjs/loader.js:841:27)\n    at Module.require (internal/modules/cjs/loader.js:1025:19)\n    at require (internal/modules/cjs/helpers.js:72:18)\n    at Object.<anonymous> (/Users/matt/Desktop/mydev/your-average-funko/functions/server.js:8:19)\n    at Module._compile (internal/modules/cjs/loader.js:1137:30)\n    at Object.Module._extensions..js (internal/modules/cjs/loader.js:1157:10)\n    at Module.load (internal/modules/cjs/loader.js:985:32)\n    at Function.Module._load (internal/modules/cjs/loader.js:878:14)\n    at Module.require (internal/modules/cjs/loader.js:1025:19)"}}
[warn] ⚠  We were unable to load your functions code. (see above) {"metadata":{"emulator":{"name":"functions"}}}
[debug] [2020-12-31T18:41:49.266Z] DEBUG: [worker-~diagnostic~-2fae3630-7cd4-4fb8-8737-a05c9014ca6a]: exited
[debug] [2020-12-31T18:41:49.266Z] DEBUG: [worker-~diagnostic~-2fae3630-7cd4-4fb8-8737-a05c9014ca6a]: FINISHED
[debug] [2020-12-31T18:44:30.339Z] ----------------------------------------------------------------------
[debug] [2020-12-31T18:44:30.340Z] Command:       /usr/local/bin/node /usr/local/bin/firebase functions:shell
[debug] [2020-12-31T18:44:30.341Z] CLI Version:   9.1.0
[debug] [2020-12-31T18:44:30.341Z] Platform:      darwin
[debug] [2020-12-31T18:44:30.341Z] Node Version:  v12.18.3
[debug] [2020-12-31T18:44:30.342Z] Time:          Thu Dec 31 2020 13:44:30 GMT-0500 (Eastern Standard Time)
[debug] [2020-12-31T18:44:30.342Z] ----------------------------------------------------------------------
[debug] [2020-12-31T18:44:30.342Z] 
[debug] [2020-12-31T18:44:30.348Z] > command requires scopes: ["email","openid","https://www.googleapis.com/auth/cloudplatformprojects.readonly","https://www.googleapis.com/auth/firebase","https://www.googleapis.com/auth/cloud-platform"]
[debug] [2020-12-31T18:44:30.348Z] > authorizing via signed-in user
[debug] [2020-12-31T18:44:30.348Z] [iam] checking project youraveragefunko-vols8994 for permissions ["firebase.projects.get"]
[debug] [2020-12-31T18:44:30.350Z] >>> HTTP REQUEST POST https://cloudresourcemanager.googleapis.com/v1/projects/youraveragefunko-vols8994:testIamPermissions  
 {"permissions":["firebase.projects.get"]}
[debug] [2020-12-31T18:44:30.570Z] <<< HTTP RESPONSE 200 {"content-type":"application/json; charset=UTF-8","vary":"X-Origin, Referer, Origin,Accept-Encoding","date":"Thu, 31 Dec 2020 18:44:32 GMT","server":"ESF","cache-control":"private","x-xss-protection":"0","x-frame-options":"SAMEORIGIN","x-content-type-options":"nosniff","server-timing":"gfet4t7; dur=133","alt-svc":"h3-29=\":443\"; ma=2592000,h3-T051=\":443\"; ma=2592000,h3-Q050=\":443\"; ma=2592000,h3-Q046=\":443\"; ma=2592000,h3-Q043=\":443\"; ma=2592000,quic=\":443\"; ma=2592000; v=\"46,43\"","accept-ranges":"none","transfer-encoding":"chunked"}
[debug] [2020-12-31T18:44:30.582Z] [functions] Using node@12 from host.
[debug] [2020-12-31T18:44:30.583Z] defaultcredentials: writing to file /Users/matt/.config/firebase/mvolonnino12_gmail_com_application_default_credentials.json
[debug] [2020-12-31T18:44:30.584Z] DEBUG: Setting GAC to /Users/matt/.config/firebase/mvolonnino12_gmail_com_application_default_credentials.json
[debug] [2020-12-31T18:44:30.592Z] [functions] Watching "/Users/matt/Desktop/mydev/your-average-funko/functions" for Cloud Functions...
[debug] [2020-12-31T18:44:30.601Z] DEBUG: [worker-pool] addWorker(~diagnostic~)
[debug] [2020-12-31T18:44:30.601Z] DEBUG: [worker-pool] Adding worker with key ~diagnostic~, total=1
[debug] [2020-12-31T18:44:30.602Z] DEBUG: [worker-pool] submitWork(triggerId=)
[debug] [2020-12-31T18:44:30.602Z] DEBUG: [worker-~diagnostic~-c63a72e9-8ade-4d2e-9f57-0111c6ba29b9]: Assigning socketPath: /var/folders/lw/jcwd2nn512b1pwq3vlpf5st40000gn/T/fire_emu_37415.sock
[debug] [2020-12-31T18:44:30.602Z] DEBUG: [worker-~diagnostic~-c63a72e9-8ade-4d2e-9f57-0111c6ba29b9]: BUSY
[debug] [2020-12-31T18:44:30.758Z] DEBUG: [runtime-status] [37415] Functions runtime initialized. {"cwd":"/Users/matt/Desktop/mydev/your-average-funko/functions","node_version":"12.18.3"}
[debug] [2020-12-31T18:44:30.759Z] DEBUG: [runtime-status] [37415] Disabled runtime features: undefined
[debug] [2020-12-31T18:44:30.763Z] DEBUG: [runtime-status] [37415] Resolved module firebase-admin {"declared":true,"installed":true,"version":"9.4.2","resolution":"/Users/matt/Desktop/mydev/your-average-funko/functions/node_modules/firebase-admin/lib/index.js"}
[debug] [2020-12-31T18:44:30.766Z] DEBUG: [runtime-status] [37415] Resolved module firebase-functions {"declared":true,"installed":true,"version":"3.13.0","resolution":"/Users/matt/Desktop/mydev/your-average-funko/functions/node_modules/firebase-functions/lib/index.js"}
[debug] [2020-12-31T18:44:30.766Z] DEBUG: [runtime-status] [37415] Resolved module firebase-functions {"declared":true,"installed":true,"version":"3.13.0","resolution":"/Users/matt/Desktop/mydev/your-average-funko/functions/node_modules/firebase-functions/lib/index.js"}
[debug] [2020-12-31T18:44:30.768Z] DEBUG: [runtime-status] [37415] Outgoing network have been stubbed. [{"name":"http","status":"mocked"},{"name":"http","status":"mocked"},{"name":"https","status":"mocked"},{"name":"https","status":"mocked"},{"name":"net","status":"mocked"}]
[debug] [2020-12-31T18:44:30.768Z] DEBUG: [runtime-status] [37415] Resolved module firebase-functions {"declared":true,"installed":true,"version":"3.13.0","resolution":"/Users/matt/Desktop/mydev/your-average-funko/functions/node_modules/firebase-functions/lib/index.js"}
[debug] [2020-12-31T18:44:30.834Z] DEBUG: [runtime-status] [37415] Checked functions.config() {"config":{}}
[debug] [2020-12-31T18:44:30.834Z] DEBUG: [runtime-status] [37415] firebase-functions has been stubbed. {"functionsResolution":{"declared":true,"installed":true,"version":"3.13.0","resolution":"/Users/matt/Desktop/mydev/your-average-funko/functions/node_modules/firebase-functions/lib/index.js"}}
[debug] [2020-12-31T18:44:30.834Z] DEBUG: [runtime-status] [37415] Resolved module firebase-functions {"declared":true,"installed":true,"version":"3.13.0","resolution":"/Users/matt/Desktop/mydev/your-average-funko/functions/node_modules/firebase-functions/lib/index.js"}
[debug] [2020-12-31T18:44:30.835Z] DEBUG: [runtime-status] [37415] Resolved module firebase-admin {"declared":true,"installed":true,"version":"9.4.2","resolution":"/Users/matt/Desktop/mydev/your-average-funko/functions/node_modules/firebase-admin/lib/index.js"}
[debug] [2020-12-31T18:44:30.835Z] DEBUG: [runtime-status] [37415] Resolved module firebase-functions {"declared":true,"installed":true,"version":"3.13.0","resolution":"/Users/matt/Desktop/mydev/your-average-funko/functions/node_modules/firebase-functions/lib/index.js"}
[debug] [2020-12-31T18:44:30.835Z] DEBUG: [runtime-status] [37415] firebase-admin has been stubbed. {"adminResolution":{"declared":true,"installed":true,"version":"9.4.2","resolution":"/Users/matt/Desktop/mydev/your-average-funko/functions/node_modules/firebase-admin/lib/index.js"}}
[warn] ⚠  TypeError: firebase.initalizeApp is not a function
    at Object.<anonymous> (/Users/matt/Desktop/mydev/your-average-funko/functions/db.js:4:21)
    at Module._compile (internal/modules/cjs/loader.js:1137:30)
    at Object.Module._extensions..js (internal/modules/cjs/loader.js:1157:10)
    at Module.load (internal/modules/cjs/loader.js:985:32)
    at Function.Module._load (internal/modules/cjs/loader.js:878:14)
    at Module.require (internal/modules/cjs/loader.js:1025:19)
    at require (internal/modules/cjs/helpers.js:72:18)
    at Object.<anonymous> (/Users/matt/Desktop/mydev/your-average-funko/functions/controllers/funkoPopController.js:1:18)
    at Module._compile (internal/modules/cjs/loader.js:1137:30)
    at Object.Module._extensions..js (internal/modules/cjs/loader.js:1157:10) {"metadata":{"emulator":{"name":"functions"},"message":"TypeError: firebase.initalizeApp is not a function\n    at Object.<anonymous> (/Users/matt/Desktop/mydev/your-average-funko/functions/db.js:4:21)\n    at Module._compile (internal/modules/cjs/loader.js:1137:30)\n    at Object.Module._extensions..js (internal/modules/cjs/loader.js:1157:10)\n    at Module.load (internal/modules/cjs/loader.js:985:32)\n    at Function.Module._load (internal/modules/cjs/loader.js:878:14)\n    at Module.require (internal/modules/cjs/loader.js:1025:19)\n    at require (internal/modules/cjs/helpers.js:72:18)\n    at Object.<anonymous> (/Users/matt/Desktop/mydev/your-average-funko/functions/controllers/funkoPopController.js:1:18)\n    at Module._compile (internal/modules/cjs/loader.js:1137:30)\n    at Object.Module._extensions..js (internal/modules/cjs/loader.js:1157:10)"}}
[warn] ⚠  We were unable to load your functions code. (see above) {"metadata":{"emulator":{"name":"functions"}}}
[debug] [2020-12-31T18:44:31.290Z] DEBUG: [worker-~diagnostic~-c63a72e9-8ade-4d2e-9f57-0111c6ba29b9]: exited
[debug] [2020-12-31T18:44:31.290Z] DEBUG: [worker-~diagnostic~-c63a72e9-8ade-4d2e-9f57-0111c6ba29b9]: FINISHED
